{"/Users/mairas/projetos/user-api/src/controllers/addressController.ts": {"path":"/Users/mairas/projetos/user-api/src/controllers/addressController.ts","statementMap":{"0":{"start":{"line":2,"column":0},"end":{"line":2,"column":55}},"1":{"start":{"line":8,"column":15},"end":{"line":15,"column":2}},"2":{"start":{"line":8,"column":82},"end":{"line":15,"column":2}},"3":{"start":{"line":9,"column":4},"end":{"line":14,"column":5}},"4":{"start":{"line":10,"column":24},"end":{"line":10,"column":51}},"5":{"start":{"line":11,"column":8},"end":{"line":11,"column":54}},"6":{"start":{"line":13,"column":8},"end":{"line":13,"column":79}},"7":{"start":{"line":83,"column":4},"end":{"line":83,"column":10}},"8":{"start":{"line":18,"column":22},"end":{"line":25,"column":2}},"9":{"start":{"line":18,"column":88},"end":{"line":25,"column":2}},"10":{"start":{"line":19,"column":4},"end":{"line":24,"column":5}},"11":{"start":{"line":20,"column":54},"end":{"line":20,"column":100}},"12":{"start":{"line":21,"column":8},"end":{"line":21,"column":57}},"13":{"start":{"line":23,"column":8},"end":{"line":23,"column":79}},"14":{"start":{"line":84,"column":4},"end":{"line":84,"column":17}},"15":{"start":{"line":28,"column":22},"end":{"line":36,"column":2}},"16":{"start":{"line":28,"column":88},"end":{"line":36,"column":2}},"17":{"start":{"line":29,"column":4},"end":{"line":35,"column":5}},"18":{"start":{"line":30,"column":23},"end":{"line":30,"column":37}},"19":{"start":{"line":31,"column":8},"end":{"line":31,"column":53}},"20":{"start":{"line":32,"column":8},"end":{"line":32,"column":43}},"21":{"start":{"line":34,"column":8},"end":{"line":34,"column":79}},"22":{"start":{"line":85,"column":4},"end":{"line":85,"column":17}},"23":{"start":{"line":39,"column":22},"end":{"line":47,"column":2}},"24":{"start":{"line":39,"column":88},"end":{"line":47,"column":2}},"25":{"start":{"line":40,"column":4},"end":{"line":46,"column":5}},"26":{"start":{"line":41,"column":23},"end":{"line":41,"column":37}},"27":{"start":{"line":42,"column":8},"end":{"line":42,"column":67}},"28":{"start":{"line":43,"column":8},"end":{"line":43,"column":43}},"29":{"start":{"line":45,"column":8},"end":{"line":45,"column":79}},"30":{"start":{"line":86,"column":4},"end":{"line":86,"column":17}},"31":{"start":{"line":50,"column":21},"end":{"line":64,"column":4}},"32":{"start":{"line":50,"column":59},"end":{"line":64,"column":4}},"33":{"start":{"line":51,"column":24},"end":{"line":51,"column":33}},"34":{"start":{"line":53,"column":4},"end":{"line":63,"column":5}},"35":{"start":{"line":54,"column":6},"end":{"line":60,"column":7}},"36":{"start":{"line":55,"column":26},"end":{"line":55,"column":85}},"37":{"start":{"line":56,"column":8},"end":{"line":56,"column":28}},"38":{"start":{"line":58,"column":26},"end":{"line":58,"column":62}},"39":{"start":{"line":59,"column":8},"end":{"line":59,"column":28}},"40":{"start":{"line":62,"column":6},"end":{"line":62,"column":65}},"41":{"start":{"line":88,"column":4},"end":{"line":88,"column":16}},"42":{"start":{"line":67,"column":19},"end":{"line":80,"column":4}},"43":{"start":{"line":67,"column":57},"end":{"line":80,"column":4}},"44":{"start":{"line":68,"column":19},"end":{"line":68,"column":29}},"45":{"start":{"line":70,"column":4},"end":{"line":79,"column":5}},"46":{"start":{"line":71,"column":22},"end":{"line":71,"column":59}},"47":{"start":{"line":72,"column":6},"end":{"line":76,"column":7}},"48":{"start":{"line":73,"column":8},"end":{"line":73,"column":26}},"49":{"start":{"line":75,"column":8},"end":{"line":75,"column":63}},"50":{"start":{"line":78,"column":6},"end":{"line":78,"column":65}},"51":{"start":{"line":87,"column":4},"end":{"line":87,"column":14}}},"fnMap":{"0":{"name":"(anonymous_13)","decl":{"start":{"line":8,"column":15},"end":{"line":8,"column":22}},"loc":{"start":{"line":8,"column":82},"end":{"line":15,"column":2}}},"1":{"name":"(anonymous_14)","decl":{"start":{"line":8,"column":82},"end":{"line":8,"column":null}},"loc":{"start":{"line":8,"column":82},"end":{"line":15,"column":1}}},"2":{"name":"(anonymous_15)","decl":{"start":{"line":18,"column":22},"end":{"line":18,"column":29}},"loc":{"start":{"line":18,"column":88},"end":{"line":25,"column":2}}},"3":{"name":"(anonymous_16)","decl":{"start":{"line":18,"column":88},"end":{"line":18,"column":null}},"loc":{"start":{"line":18,"column":88},"end":{"line":25,"column":1}}},"4":{"name":"(anonymous_17)","decl":{"start":{"line":28,"column":22},"end":{"line":28,"column":29}},"loc":{"start":{"line":28,"column":88},"end":{"line":36,"column":2}}},"5":{"name":"(anonymous_18)","decl":{"start":{"line":28,"column":88},"end":{"line":28,"column":null}},"loc":{"start":{"line":28,"column":88},"end":{"line":36,"column":1}}},"6":{"name":"(anonymous_19)","decl":{"start":{"line":39,"column":22},"end":{"line":39,"column":29}},"loc":{"start":{"line":39,"column":88},"end":{"line":47,"column":2}}},"7":{"name":"(anonymous_20)","decl":{"start":{"line":39,"column":88},"end":{"line":39,"column":null}},"loc":{"start":{"line":39,"column":88},"end":{"line":47,"column":1}}},"8":{"name":"(anonymous_21)","decl":{"start":{"line":50,"column":21},"end":{"line":50,"column":28}},"loc":{"start":{"line":50,"column":59},"end":{"line":64,"column":4}}},"9":{"name":"(anonymous_22)","decl":{"start":{"line":50,"column":59},"end":{"line":50,"column":null}},"loc":{"start":{"line":50,"column":59},"end":{"line":64,"column":3}}},"10":{"name":"(anonymous_23)","decl":{"start":{"line":67,"column":19},"end":{"line":67,"column":26}},"loc":{"start":{"line":67,"column":57},"end":{"line":80,"column":4}}},"11":{"name":"(anonymous_24)","decl":{"start":{"line":67,"column":57},"end":{"line":67,"column":null}},"loc":{"start":{"line":67,"column":57},"end":{"line":80,"column":3}}}},"branchMap":{"0":{"loc":{"start":{"line":54,"column":6},"end":{"line":60,"column":7}},"type":"if","locations":[{"start":{"line":54,"column":6},"end":{"line":60,"column":7}},{"start":{"line":57,"column":13},"end":{"line":60,"column":7}}]},"1":{"loc":{"start":{"line":72,"column":6},"end":{"line":76,"column":7}},"type":"if","locations":[{"start":{"line":72,"column":6},"end":{"line":76,"column":7}},{"start":{"line":74,"column":13},"end":{"line":76,"column":7}}]}},"s":{"0":1,"1":1,"2":2,"3":2,"4":2,"5":2,"6":0,"7":1,"8":1,"9":1,"10":1,"11":1,"12":1,"13":0,"14":1,"15":1,"16":1,"17":1,"18":1,"19":1,"20":1,"21":0,"22":1,"23":1,"24":1,"25":1,"26":1,"27":1,"28":1,"29":0,"30":1,"31":1,"32":0,"33":0,"34":0,"35":0,"36":0,"37":0,"38":0,"39":0,"40":0,"41":1,"42":1,"43":2,"44":2,"45":2,"46":2,"47":2,"48":1,"49":1,"50":0,"51":1},"f":{"0":2,"1":2,"2":1,"3":1,"4":1,"5":1,"6":1,"7":1,"8":0,"9":0,"10":2,"11":2},"b":{"0":[0,0],"1":[1,1]}}
,"/Users/mairas/projetos/user-api/src/controllers/userController.ts": {"path":"/Users/mairas/projetos/user-api/src/controllers/userController.ts","statementMap":{"0":{"start":{"line":2,"column":0},"end":{"line":2,"column":49}},"1":{"start":{"line":4,"column":0},"end":{"line":4,"column":31}},"2":{"start":{"line":6,"column":23},"end":{"line":12,"column":null}},"3":{"start":{"line":6,"column":50},"end":{"line":12,"column":null}},"4":{"start":{"line":7,"column":23},"end":{"line":7,"column":55}},"5":{"start":{"line":8,"column":18},"end":{"line":8,"column":56}},"6":{"start":{"line":9,"column":25},"end":{"line":9,"column":52}},"7":{"start":{"line":11,"column":4},"end":{"line":11,"column":24}},"8":{"start":{"line":14,"column":15},"end":{"line":22,"column":2}},"9":{"start":{"line":14,"column":81},"end":{"line":22,"column":2}},"10":{"start":{"line":15,"column":25},"end":{"line":15,"column":54}},"11":{"start":{"line":17,"column":4},"end":{"line":19,"column":5}},"12":{"start":{"line":18,"column":8},"end":{"line":18,"column":71}},"13":{"start":{"line":20,"column":18},"end":{"line":20,"column":65}},"14":{"start":{"line":21,"column":4},"end":{"line":21,"column":48}},"15":{"start":{"line":94,"column":4},"end":{"line":94,"column":10}},"16":{"start":{"line":24,"column":19},"end":{"line":27,"column":2}},"17":{"start":{"line":24,"column":85},"end":{"line":27,"column":2}},"18":{"start":{"line":25,"column":24},"end":{"line":25,"column":64}},"19":{"start":{"line":26,"column":4},"end":{"line":26,"column":50}},"20":{"start":{"line":95,"column":4},"end":{"line":95,"column":14}},"21":{"start":{"line":29,"column":19},"end":{"line":43,"column":null}},"22":{"start":{"line":29,"column":85},"end":{"line":43,"column":null}},"23":{"start":{"line":30,"column":25},"end":{"line":30,"column":54}},"24":{"start":{"line":32,"column":4},"end":{"line":34,"column":5}},"25":{"start":{"line":33,"column":8},"end":{"line":33,"column":71}},"26":{"start":{"line":35,"column":26},"end":{"line":35,"column":78}},"27":{"start":{"line":37,"column":4},"end":{"line":39,"column":5}},"28":{"start":{"line":38,"column":8},"end":{"line":38,"column":221}},"29":{"start":{"line":40,"column":4},"end":{"line":40,"column":53}},"30":{"start":{"line":42,"column":4},"end":{"line":42,"column":39}},"31":{"start":{"line":96,"column":4},"end":{"line":96,"column":14}},"32":{"start":{"line":45,"column":19},"end":{"line":54,"column":null}},"33":{"start":{"line":45,"column":85},"end":{"line":54,"column":null}},"34":{"start":{"line":46,"column":25},"end":{"line":46,"column":54}},"35":{"start":{"line":48,"column":4},"end":{"line":50,"column":5}},"36":{"start":{"line":49,"column":8},"end":{"line":49,"column":71}},"37":{"start":{"line":52,"column":4},"end":{"line":52,"column":75}},"38":{"start":{"line":53,"column":4},"end":{"line":53,"column":39}},"39":{"start":{"line":97,"column":4},"end":{"line":97,"column":14}},"40":{"start":{"line":56,"column":18},"end":{"line":79,"column":2}},"41":{"start":{"line":56,"column":84},"end":{"line":79,"column":2}},"42":{"start":{"line":57,"column":32},"end":{"line":57,"column":44}},"43":{"start":{"line":58,"column":19},"end":{"line":58,"column":66}},"44":{"start":{"line":60,"column":4},"end":{"line":62,"column":5}},"45":{"start":{"line":61,"column":8},"end":{"line":61,"column":70}},"46":{"start":{"line":64,"column":18},"end":{"line":67,"column":null}},"47":{"start":{"line":70,"column":4},"end":{"line":78,"column":7}},"48":{"start":{"line":98,"column":4},"end":{"line":98,"column":13}},"49":{"start":{"line":82,"column":4},"end":{"line":84,"column":5}},"50":{"start":{"line":83,"column":8},"end":{"line":83,"column":60}},"51":{"start":{"line":86,"column":4},"end":{"line":90,"column":5}},"52":{"start":{"line":87,"column":8},"end":{"line":87,"column":72}},"53":{"start":{"line":89,"column":8},"end":{"line":89,"column":65}}},"fnMap":{"0":{"name":"(anonymous_14)","decl":{"start":{"line":6,"column":23},"end":{"line":6,"column":30}},"loc":{"start":{"line":6,"column":50},"end":{"line":12,"column":null}}},"1":{"name":"(anonymous_15)","decl":{"start":{"line":6,"column":50},"end":{"line":6,"column":null}},"loc":{"start":{"line":6,"column":50},"end":{"line":12,"column":1}}},"2":{"name":"(anonymous_16)","decl":{"start":{"line":14,"column":15},"end":{"line":14,"column":22}},"loc":{"start":{"line":14,"column":81},"end":{"line":22,"column":2}}},"3":{"name":"(anonymous_17)","decl":{"start":{"line":14,"column":81},"end":{"line":14,"column":null}},"loc":{"start":{"line":14,"column":81},"end":{"line":22,"column":1}}},"4":{"name":"(anonymous_18)","decl":{"start":{"line":24,"column":19},"end":{"line":24,"column":26}},"loc":{"start":{"line":24,"column":85},"end":{"line":27,"column":2}}},"5":{"name":"(anonymous_19)","decl":{"start":{"line":24,"column":85},"end":{"line":24,"column":null}},"loc":{"start":{"line":24,"column":85},"end":{"line":27,"column":1}}},"6":{"name":"(anonymous_20)","decl":{"start":{"line":29,"column":19},"end":{"line":29,"column":26}},"loc":{"start":{"line":29,"column":85},"end":{"line":43,"column":null}}},"7":{"name":"(anonymous_21)","decl":{"start":{"line":29,"column":85},"end":{"line":29,"column":null}},"loc":{"start":{"line":29,"column":85},"end":{"line":43,"column":1}}},"8":{"name":"(anonymous_22)","decl":{"start":{"line":45,"column":19},"end":{"line":45,"column":26}},"loc":{"start":{"line":45,"column":85},"end":{"line":54,"column":null}}},"9":{"name":"(anonymous_23)","decl":{"start":{"line":45,"column":85},"end":{"line":45,"column":null}},"loc":{"start":{"line":45,"column":85},"end":{"line":54,"column":1}}},"10":{"name":"(anonymous_24)","decl":{"start":{"line":56,"column":18},"end":{"line":56,"column":25}},"loc":{"start":{"line":56,"column":84},"end":{"line":79,"column":2}}},"11":{"name":"(anonymous_25)","decl":{"start":{"line":56,"column":84},"end":{"line":56,"column":null}},"loc":{"start":{"line":56,"column":84},"end":{"line":79,"column":1}}},"12":{"name":"decodeToken","decl":{"start":{"line":81,"column":9},"end":{"line":81,"column":20}},"loc":{"start":{"line":81,"column":65},"end":{"line":91,"column":1}}}},"branchMap":{"0":{"loc":{"start":{"line":8,"column":18},"end":{"line":8,"column":56}},"type":"binary-expr","locations":[{"start":{"line":8,"column":18},"end":{"line":8,"column":28}},{"start":{"line":8,"column":32},"end":{"line":8,"column":56}}]},"1":{"loc":{"start":{"line":17,"column":4},"end":{"line":19,"column":5}},"type":"if","locations":[{"start":{"line":17,"column":4},"end":{"line":19,"column":5}}]},"2":{"loc":{"start":{"line":32,"column":4},"end":{"line":34,"column":5}},"type":"if","locations":[{"start":{"line":32,"column":4},"end":{"line":34,"column":5}}]},"3":{"loc":{"start":{"line":37,"column":4},"end":{"line":39,"column":5}},"type":"if","locations":[{"start":{"line":37,"column":4},"end":{"line":39,"column":5}}]},"4":{"loc":{"start":{"line":48,"column":4},"end":{"line":50,"column":5}},"type":"if","locations":[{"start":{"line":48,"column":4},"end":{"line":50,"column":5}}]},"5":{"loc":{"start":{"line":60,"column":4},"end":{"line":62,"column":5}},"type":"if","locations":[{"start":{"line":60,"column":4},"end":{"line":62,"column":5}}]},"6":{"loc":{"start":{"line":82,"column":4},"end":{"line":84,"column":5}},"type":"if","locations":[{"start":{"line":82,"column":4},"end":{"line":84,"column":5}}]}},"s":{"0":2,"1":2,"2":2,"3":8,"4":8,"5":8,"6":8,"7":8,"8":2,"9":3,"10":3,"11":3,"12":1,"13":2,"14":2,"15":2,"16":2,"17":2,"18":2,"19":2,"20":2,"21":2,"22":3,"23":3,"24":3,"25":0,"26":3,"27":3,"28":1,"29":2,"30":2,"31":2,"32":2,"33":2,"34":2,"35":2,"36":0,"37":2,"38":2,"39":2,"40":2,"41":3,"42":3,"43":3,"44":3,"45":2,"46":1,"47":1,"48":2,"49":8,"50":1,"51":7,"52":7,"53":0},"f":{"0":8,"1":8,"2":3,"3":3,"4":2,"5":2,"6":3,"7":3,"8":2,"9":2,"10":3,"11":3,"12":8},"b":{"0":[8,7],"1":[1],"2":[0],"3":[1],"4":[0],"5":[2],"6":[1]}}
,"/Users/mairas/projetos/user-api/src/models/addressModel.ts": {"path":"/Users/mairas/projetos/user-api/src/models/addressModel.ts","statementMap":{"0":{"start":{"line":10,"column":0},"end":{"line":10,"column":38}},"1":{"start":{"line":13,"column":15},"end":{"line":16,"column":2}},"2":{"start":{"line":13,"column":52},"end":{"line":16,"column":2}},"3":{"start":{"line":14,"column":22},"end":{"line":14,"column":88}},"4":{"start":{"line":15,"column":4},"end":{"line":15,"column":19}},"5":{"start":{"line":67,"column":4},"end":{"line":67,"column":10}},"6":{"start":{"line":19,"column":22},"end":{"line":34,"column":2}},"7":{"start":{"line":19,"column":84},"end":{"line":34,"column":2}},"8":{"start":{"line":20,"column":60},"end":{"line":20,"column":67}},"9":{"start":{"line":21,"column":20},"end":{"line":21,"column":54}},"10":{"start":{"line":23,"column":18},"end":{"line":23,"column":126}},"11":{"start":{"line":26,"column":21},"end":{"line":26,"column":113}},"12":{"start":{"line":29,"column":4},"end":{"line":33,"column":5}},"13":{"start":{"line":30,"column":8},"end":{"line":30,"column":54}},"14":{"start":{"line":32,"column":8},"end":{"line":32,"column":67}},"15":{"start":{"line":68,"column":4},"end":{"line":68,"column":17}},"16":{"start":{"line":36,"column":22},"end":{"line":38,"column":2}},"17":{"start":{"line":36,"column":58},"end":{"line":38,"column":2}},"18":{"start":{"line":37,"column":4},"end":{"line":37,"column":78}},"19":{"start":{"line":69,"column":4},"end":{"line":69,"column":17}},"20":{"start":{"line":41,"column":22},"end":{"line":46,"column":2}},"21":{"start":{"line":41,"column":90},"end":{"line":46,"column":2}},"22":{"start":{"line":42,"column":52},"end":{"line":42,"column":59}},"23":{"start":{"line":43,"column":18},"end":{"line":43,"column":114}},"24":{"start":{"line":45,"column":4},"end":{"line":45,"column":80}},"25":{"start":{"line":70,"column":4},"end":{"line":70,"column":17}},"26":{"start":{"line":49,"column":37},"end":{"line":52,"column":4}},"27":{"start":{"line":49,"column":89},"end":{"line":52,"column":4}},"28":{"start":{"line":50,"column":24},"end":{"line":50,"column":119}},"29":{"start":{"line":51,"column":4},"end":{"line":51,"column":21}},"30":{"start":{"line":49,"column":13},"end":{"line":49,"column":37}},"31":{"start":{"line":55,"column":33},"end":{"line":58,"column":4}},"32":{"start":{"line":55,"column":70},"end":{"line":58,"column":4}},"33":{"start":{"line":56,"column":24},"end":{"line":56,"column":90}},"34":{"start":{"line":57,"column":4},"end":{"line":57,"column":21}},"35":{"start":{"line":55,"column":15},"end":{"line":55,"column":33}},"36":{"start":{"line":61,"column":32},"end":{"line":64,"column":4}},"37":{"start":{"line":61,"column":84},"end":{"line":64,"column":4}},"38":{"start":{"line":62,"column":24},"end":{"line":62,"column":116}},"39":{"start":{"line":63,"column":4},"end":{"line":63,"column":54}},"40":{"start":{"line":61,"column":15},"end":{"line":61,"column":32}}},"fnMap":{"0":{"name":"(anonymous_8)","decl":{"start":{"line":13,"column":15},"end":{"line":13,"column":50}},"loc":{"start":{"line":13,"column":52},"end":{"line":16,"column":2}}},"1":{"name":"(anonymous_9)","decl":{"start":{"line":13,"column":52},"end":{"line":13,"column":null}},"loc":{"start":{"line":13,"column":52},"end":{"line":16,"column":1}}},"2":{"name":"(anonymous_10)","decl":{"start":{"line":19,"column":22},"end":{"line":19,"column":29}},"loc":{"start":{"line":19,"column":84},"end":{"line":34,"column":2}}},"3":{"name":"(anonymous_11)","decl":{"start":{"line":19,"column":84},"end":{"line":19,"column":null}},"loc":{"start":{"line":19,"column":84},"end":{"line":34,"column":1}}},"4":{"name":"(anonymous_12)","decl":{"start":{"line":36,"column":22},"end":{"line":36,"column":29}},"loc":{"start":{"line":36,"column":58},"end":{"line":38,"column":2}}},"5":{"name":"(anonymous_13)","decl":{"start":{"line":36,"column":58},"end":{"line":36,"column":null}},"loc":{"start":{"line":36,"column":58},"end":{"line":38,"column":1}}},"6":{"name":"(anonymous_14)","decl":{"start":{"line":41,"column":22},"end":{"line":41,"column":29}},"loc":{"start":{"line":41,"column":90},"end":{"line":46,"column":2}}},"7":{"name":"(anonymous_15)","decl":{"start":{"line":41,"column":90},"end":{"line":41,"column":null}},"loc":{"start":{"line":41,"column":90},"end":{"line":46,"column":1}}},"8":{"name":"(anonymous_16)","decl":{"start":{"line":49,"column":37},"end":{"line":49,"column":44}},"loc":{"start":{"line":49,"column":89},"end":{"line":52,"column":4}}},"9":{"name":"(anonymous_17)","decl":{"start":{"line":49,"column":89},"end":{"line":49,"column":null}},"loc":{"start":{"line":49,"column":89},"end":{"line":52,"column":3}}},"10":{"name":"(anonymous_18)","decl":{"start":{"line":55,"column":33},"end":{"line":55,"column":68}},"loc":{"start":{"line":55,"column":70},"end":{"line":58,"column":4}}},"11":{"name":"(anonymous_19)","decl":{"start":{"line":55,"column":70},"end":{"line":55,"column":null}},"loc":{"start":{"line":55,"column":70},"end":{"line":58,"column":3}}},"12":{"name":"(anonymous_20)","decl":{"start":{"line":61,"column":32},"end":{"line":61,"column":39}},"loc":{"start":{"line":61,"column":84},"end":{"line":64,"column":4}}},"13":{"name":"(anonymous_21)","decl":{"start":{"line":61,"column":84},"end":{"line":61,"column":null}},"loc":{"start":{"line":61,"column":84},"end":{"line":64,"column":3}}}},"branchMap":{"0":{"loc":{"start":{"line":29,"column":4},"end":{"line":33,"column":5}},"type":"if","locations":[{"start":{"line":29,"column":4},"end":{"line":33,"column":5}},{"start":{"line":31,"column":11},"end":{"line":33,"column":5}}]},"1":{"loc":{"start":{"line":63,"column":11},"end":{"line":63,"column":53}},"type":"cond-expr","locations":[{"start":{"line":63,"column":34},"end":{"line":63,"column":46}},{"start":{"line":63,"column":49},"end":{"line":63,"column":53}}]}},"s":{"0":2,"1":2,"2":1,"3":1,"4":1,"5":2,"6":2,"7":2,"8":2,"9":2,"10":2,"11":2,"12":2,"13":1,"14":1,"15":2,"16":2,"17":1,"18":1,"19":2,"20":2,"21":1,"22":1,"23":1,"24":1,"25":2,"26":2,"27":1,"28":1,"29":1,"30":2,"31":2,"32":0,"33":0,"34":0,"35":2,"36":2,"37":2,"38":2,"39":2,"40":2},"f":{"0":1,"1":1,"2":2,"3":2,"4":1,"5":1,"6":1,"7":1,"8":1,"9":1,"10":0,"11":0,"12":2,"13":2},"b":{"0":[1,1],"1":[1,1]}}
,"/Users/mairas/projetos/user-api/src/models/connection.ts": {"path":"/Users/mairas/projetos/user-api/src/models/connection.ts","statementMap":{"0":{"start":{"line":1,"column":0},"end":{"line":1,"column":35}},"1":{"start":{"line":2,"column":0},"end":{"line":2,"column":28}},"2":{"start":{"line":4,"column":0},"end":{"line":4,"column":16}},"3":{"start":{"line":6,"column":19},"end":{"line":11,"column":2}},"4":{"start":{"line":13,"column":0},"end":{"line":13,"column":26}}},"fnMap":{},"branchMap":{},"s":{"0":4,"1":4,"2":4,"3":4,"4":4},"f":{},"b":{}}
,"/Users/mairas/projetos/user-api/src/models/userModel.ts": {"path":"/Users/mairas/projetos/user-api/src/models/userModel.ts","statementMap":{"0":{"start":{"line":1,"column":0},"end":{"line":1,"column":28}},"1":{"start":{"line":2,"column":0},"end":{"line":2,"column":38}},"2":{"start":{"line":7,"column":23},"end":{"line":14,"column":null}},"3":{"start":{"line":7,"column":63},"end":{"line":14,"column":null}},"4":{"start":{"line":8,"column":16},"end":{"line":10,"column":2}},"5":{"start":{"line":11,"column":19},"end":{"line":11,"column":61}},"6":{"start":{"line":12,"column":2},"end":{"line":12,"column":22}},"7":{"start":{"line":13,"column":2},"end":{"line":13,"column":31}},"8":{"start":{"line":112,"column":2},"end":{"line":112,"column":16}},"9":{"start":{"line":16,"column":15},"end":{"line":47,"column":4}},"10":{"start":{"line":16,"column":56},"end":{"line":47,"column":4}},"11":{"start":{"line":17,"column":18},"end":{"line":20,"column":6}},"12":{"start":{"line":23,"column":19},"end":{"line":23,"column":76}},"13":{"start":{"line":25,"column":24},"end":{"line":44,"column":34}},"14":{"start":{"line":26,"column":6},"end":{"line":33,"column":7}},"15":{"start":{"line":27,"column":8},"end":{"line":32,"column":10}},"16":{"start":{"line":35,"column":6},"end":{"line":41,"column":9}},"17":{"start":{"line":43,"column":6},"end":{"line":43,"column":17}},"18":{"start":{"line":46,"column":4},"end":{"line":46,"column":38}},"19":{"start":{"line":106,"column":2},"end":{"line":106,"column":8}},"20":{"start":{"line":49,"column":19},"end":{"line":69,"column":4}},"21":{"start":{"line":49,"column":137},"end":{"line":69,"column":4}},"22":{"start":{"line":50,"column":22},"end":{"line":50,"column":46}},"23":{"start":{"line":51,"column":18},"end":{"line":54,"column":6}},"24":{"start":{"line":55,"column":17},"end":{"line":55,"column":41}},"25":{"start":{"line":56,"column":17},"end":{"line":56,"column":50}},"26":{"start":{"line":59,"column":21},"end":{"line":59,"column":89}},"27":{"start":{"line":62,"column":22},"end":{"line":62,"column":45}},"28":{"start":{"line":64,"column":4},"end":{"line":68,"column":5}},"29":{"start":{"line":65,"column":6},"end":{"line":65,"column":26}},"30":{"start":{"line":67,"column":6},"end":{"line":67,"column":60}},"31":{"start":{"line":107,"column":2},"end":{"line":107,"column":12}},"32":{"start":{"line":71,"column":19},"end":{"line":74,"column":2}},"33":{"start":{"line":71,"column":54},"end":{"line":74,"column":2}},"34":{"start":{"line":72,"column":24},"end":{"line":72,"column":91}},"35":{"start":{"line":73,"column":2},"end":{"line":73,"column":21}},"36":{"start":{"line":108,"column":2},"end":{"line":108,"column":12}},"37":{"start":{"line":76,"column":19},"end":{"line":81,"column":2}},"38":{"start":{"line":76,"column":93},"end":{"line":81,"column":2}},"39":{"start":{"line":77,"column":26},"end":{"line":77,"column":30}},"40":{"start":{"line":78,"column":16},"end":{"line":78,"column":70}},"41":{"start":{"line":79,"column":22},"end":{"line":79,"column":72}},"42":{"start":{"line":80,"column":2},"end":{"line":80,"column":21}},"43":{"start":{"line":109,"column":2},"end":{"line":109,"column":12}},"44":{"start":{"line":83,"column":23},"end":{"line":87,"column":2}},"45":{"start":{"line":83,"column":61},"end":{"line":87,"column":2}},"46":{"start":{"line":84,"column":16},"end":{"line":84,"column":80}},"47":{"start":{"line":85,"column":24},"end":{"line":85,"column":64}},"48":{"start":{"line":86,"column":2},"end":{"line":86,"column":42}},"49":{"start":{"line":110,"column":2},"end":{"line":110,"column":16}},"50":{"start":{"line":89,"column":23},"end":{"line":103,"column":2}},"51":{"start":{"line":89,"column":125},"end":{"line":103,"column":2}},"52":{"start":{"line":90,"column":15},"end":{"line":90,"column":42}},"53":{"start":{"line":92,"column":2},"end":{"line":94,"column":3}},"54":{"start":{"line":93,"column":4},"end":{"line":93,"column":57}},"55":{"start":{"line":96,"column":18},"end":{"line":96,"column":63}},"56":{"start":{"line":98,"column":2},"end":{"line":100,"column":3}},"57":{"start":{"line":99,"column":4},"end":{"line":99,"column":61}},"58":{"start":{"line":102,"column":2},"end":{"line":102,"column":62}},"59":{"start":{"line":111,"column":2},"end":{"line":111,"column":16}}},"fnMap":{"0":{"name":"(anonymous_8)","decl":{"start":{"line":7,"column":23},"end":{"line":7,"column":30}},"loc":{"start":{"line":7,"column":63},"end":{"line":14,"column":null}}},"1":{"name":"(anonymous_9)","decl":{"start":{"line":7,"column":63},"end":{"line":7,"column":null}},"loc":{"start":{"line":7,"column":63},"end":{"line":14,"column":1}}},"2":{"name":"(anonymous_10)","decl":{"start":{"line":16,"column":15},"end":{"line":16,"column":22}},"loc":{"start":{"line":16,"column":56},"end":{"line":47,"column":4}}},"3":{"name":"(anonymous_11)","decl":{"start":{"line":16,"column":56},"end":{"line":16,"column":null}},"loc":{"start":{"line":16,"column":56},"end":{"line":47,"column":3}}},"4":{"name":"(anonymous_12)","decl":{"start":{"line":25,"column":36},"end":{"line":25,"column":37}},"loc":{"start":{"line":25,"column":76},"end":{"line":44,"column":5}}},"5":{"name":"(anonymous_13)","decl":{"start":{"line":49,"column":19},"end":{"line":49,"column":26}},"loc":{"start":{"line":49,"column":137},"end":{"line":69,"column":4}}},"6":{"name":"(anonymous_14)","decl":{"start":{"line":49,"column":137},"end":{"line":49,"column":null}},"loc":{"start":{"line":49,"column":102},"end":{"line":69,"column":3}}},"7":{"name":"(anonymous_15)","decl":{"start":{"line":71,"column":19},"end":{"line":71,"column":26}},"loc":{"start":{"line":71,"column":54},"end":{"line":74,"column":2}}},"8":{"name":"(anonymous_16)","decl":{"start":{"line":71,"column":54},"end":{"line":71,"column":null}},"loc":{"start":{"line":71,"column":54},"end":{"line":74,"column":1}}},"9":{"name":"(anonymous_17)","decl":{"start":{"line":76,"column":19},"end":{"line":76,"column":26}},"loc":{"start":{"line":76,"column":93},"end":{"line":81,"column":2}}},"10":{"name":"(anonymous_18)","decl":{"start":{"line":76,"column":93},"end":{"line":76,"column":null}},"loc":{"start":{"line":76,"column":93},"end":{"line":81,"column":1}}},"11":{"name":"(anonymous_19)","decl":{"start":{"line":83,"column":23},"end":{"line":83,"column":30}},"loc":{"start":{"line":83,"column":61},"end":{"line":87,"column":2}}},"12":{"name":"(anonymous_20)","decl":{"start":{"line":83,"column":61},"end":{"line":83,"column":null}},"loc":{"start":{"line":83,"column":61},"end":{"line":87,"column":1}}},"13":{"name":"(anonymous_21)","decl":{"start":{"line":89,"column":23},"end":{"line":89,"column":30}},"loc":{"start":{"line":89,"column":125},"end":{"line":103,"column":2}}},"14":{"name":"(anonymous_22)","decl":{"start":{"line":89,"column":125},"end":{"line":89,"column":null}},"loc":{"start":{"line":89,"column":125},"end":{"line":103,"column":1}}}},"branchMap":{"0":{"loc":{"start":{"line":13,"column":9},"end":{"line":13,"column":30}},"type":"cond-expr","locations":[{"start":{"line":13,"column":18},"end":{"line":13,"column":22}},{"start":{"line":13,"column":25},"end":{"line":13,"column":30}}]},"1":{"loc":{"start":{"line":26,"column":6},"end":{"line":33,"column":7}},"type":"if","locations":[{"start":{"line":26,"column":6},"end":{"line":33,"column":7}}]},"2":{"loc":{"start":{"line":64,"column":4},"end":{"line":68,"column":5}},"type":"if","locations":[{"start":{"line":64,"column":4},"end":{"line":68,"column":5}},{"start":{"line":66,"column":11},"end":{"line":68,"column":5}}]},"3":{"loc":{"start":{"line":86,"column":9},"end":{"line":86,"column":41}},"type":"cond-expr","locations":[{"start":{"line":86,"column":27},"end":{"line":86,"column":34}},{"start":{"line":86,"column":37},"end":{"line":86,"column":41}}]},"4":{"loc":{"start":{"line":92,"column":2},"end":{"line":94,"column":3}},"type":"if","locations":[{"start":{"line":92,"column":2},"end":{"line":94,"column":3}}]},"5":{"loc":{"start":{"line":98,"column":2},"end":{"line":100,"column":3}},"type":"if","locations":[{"start":{"line":98,"column":2},"end":{"line":100,"column":3}}]}},"s":{"0":2,"1":2,"2":2,"3":0,"4":0,"5":0,"6":0,"7":0,"8":2,"9":2,"10":0,"11":0,"12":0,"13":0,"14":0,"15":0,"16":0,"17":0,"18":0,"19":2,"20":2,"21":0,"22":0,"23":0,"24":0,"25":0,"26":0,"27":0,"28":0,"29":0,"30":0,"31":2,"32":2,"33":0,"34":0,"35":0,"36":2,"37":2,"38":0,"39":0,"40":0,"41":0,"42":0,"43":2,"44":2,"45":0,"46":0,"47":0,"48":0,"49":2,"50":2,"51":0,"52":0,"53":0,"54":0,"55":0,"56":0,"57":0,"58":0,"59":2},"f":{"0":0,"1":0,"2":0,"3":0,"4":0,"5":0,"6":0,"7":0,"8":0,"9":0,"10":0,"11":0,"12":0,"13":0,"14":0},"b":{"0":[0,0],"1":[0],"2":[0,0],"3":[0,0],"4":[0],"5":[0]}}
}
