TN:
SF:src/controllers/addressController.ts
FN:8,(anonymous_13)
FN:8,(anonymous_14)
FN:18,(anonymous_15)
FN:18,(anonymous_16)
FN:28,(anonymous_17)
FN:28,(anonymous_18)
FN:39,(anonymous_19)
FN:39,(anonymous_20)
FN:50,(anonymous_21)
FN:50,(anonymous_22)
FN:67,(anonymous_23)
FN:67,(anonymous_24)
FNF:12
FNH:10
FNDA:2,(anonymous_13)
FNDA:2,(anonymous_14)
FNDA:1,(anonymous_15)
FNDA:1,(anonymous_16)
FNDA:1,(anonymous_17)
FNDA:1,(anonymous_18)
FNDA:1,(anonymous_19)
FNDA:1,(anonymous_20)
FNDA:0,(anonymous_21)
FNDA:0,(anonymous_22)
FNDA:2,(anonymous_23)
FNDA:2,(anonymous_24)
DA:2,1
DA:8,2
DA:9,2
DA:10,2
DA:11,2
DA:13,0
DA:18,1
DA:19,1
DA:20,1
DA:21,1
DA:23,0
DA:28,1
DA:29,1
DA:30,1
DA:31,1
DA:32,1
DA:34,0
DA:39,1
DA:40,1
DA:41,1
DA:42,1
DA:43,1
DA:45,0
DA:50,1
DA:51,0
DA:53,0
DA:54,0
DA:55,0
DA:56,0
DA:58,0
DA:59,0
DA:62,0
DA:67,2
DA:68,2
DA:70,2
DA:71,2
DA:72,2
DA:73,1
DA:75,1
DA:78,0
DA:83,1
DA:84,1
DA:85,1
DA:86,1
DA:87,1
DA:88,1
LF:46
LH:33
BRDA:54,0,0,0
BRDA:54,0,1,0
BRDA:72,1,0,1
BRDA:72,1,1,1
BRF:4
BRH:2
end_of_record
TN:
SF:src/controllers/userController.ts
FN:6,(anonymous_14)
FN:6,(anonymous_15)
FN:14,(anonymous_16)
FN:14,(anonymous_17)
FN:24,(anonymous_18)
FN:24,(anonymous_19)
FN:29,(anonymous_20)
FN:29,(anonymous_21)
FN:45,(anonymous_22)
FN:45,(anonymous_23)
FN:56,(anonymous_24)
FN:56,(anonymous_25)
FN:81,decodeToken
FNF:13
FNH:13
FNDA:8,(anonymous_14)
FNDA:8,(anonymous_15)
FNDA:3,(anonymous_16)
FNDA:3,(anonymous_17)
FNDA:2,(anonymous_18)
FNDA:2,(anonymous_19)
FNDA:3,(anonymous_20)
FNDA:3,(anonymous_21)
FNDA:2,(anonymous_22)
FNDA:2,(anonymous_23)
FNDA:3,(anonymous_24)
FNDA:3,(anonymous_25)
FNDA:8,decodeToken
DA:2,2
DA:4,2
DA:6,8
DA:7,8
DA:8,8
DA:9,8
DA:11,8
DA:14,3
DA:15,3
DA:17,3
DA:18,1
DA:20,2
DA:21,2
DA:24,2
DA:25,2
DA:26,2
DA:29,3
DA:30,3
DA:32,3
DA:33,0
DA:35,3
DA:37,3
DA:38,1
DA:40,2
DA:42,2
DA:45,2
DA:46,2
DA:48,2
DA:49,0
DA:52,2
DA:53,2
DA:56,3
DA:57,3
DA:58,3
DA:60,3
DA:61,2
DA:64,1
DA:70,1
DA:82,8
DA:83,1
DA:86,7
DA:87,7
DA:89,0
DA:94,2
DA:95,2
DA:96,2
DA:97,2
DA:98,2
LF:48
LH:45
BRDA:8,0,0,8
BRDA:8,0,1,7
BRDA:17,1,0,1
BRDA:32,2,0,0
BRDA:37,3,0,1
BRDA:48,4,0,0
BRDA:60,5,0,2
BRDA:82,6,0,1
BRF:8
BRH:6
end_of_record
TN:
SF:src/models/addressModel.ts
FN:13,(anonymous_8)
FN:13,(anonymous_9)
FN:19,(anonymous_10)
FN:19,(anonymous_11)
FN:36,(anonymous_12)
FN:36,(anonymous_13)
FN:41,(anonymous_14)
FN:41,(anonymous_15)
FN:49,(anonymous_16)
FN:49,(anonymous_17)
FN:55,(anonymous_18)
FN:55,(anonymous_19)
FN:61,(anonymous_20)
FN:61,(anonymous_21)
FNF:14
FNH:12
FNDA:1,(anonymous_8)
FNDA:1,(anonymous_9)
FNDA:2,(anonymous_10)
FNDA:2,(anonymous_11)
FNDA:1,(anonymous_12)
FNDA:1,(anonymous_13)
FNDA:1,(anonymous_14)
FNDA:1,(anonymous_15)
FNDA:1,(anonymous_16)
FNDA:1,(anonymous_17)
FNDA:0,(anonymous_18)
FNDA:0,(anonymous_19)
FNDA:2,(anonymous_20)
FNDA:2,(anonymous_21)
DA:10,2
DA:13,2
DA:14,1
DA:15,1
DA:19,2
DA:20,2
DA:21,2
DA:23,2
DA:26,2
DA:29,2
DA:30,1
DA:32,1
DA:36,2
DA:37,1
DA:41,2
DA:42,1
DA:43,1
DA:45,1
DA:49,2
DA:50,1
DA:51,1
DA:55,2
DA:56,0
DA:57,0
DA:61,2
DA:62,2
DA:63,2
DA:67,2
DA:68,2
DA:69,2
DA:70,2
LF:31
LH:29
BRDA:29,0,0,1
BRDA:29,0,1,1
BRDA:63,1,0,1
BRDA:63,1,1,1
BRF:4
BRH:4
end_of_record
TN:
SF:src/models/connection.ts
FNF:0
FNH:0
DA:1,4
DA:2,4
DA:4,4
DA:6,4
DA:13,4
LF:5
LH:5
BRF:0
BRH:0
end_of_record
TN:
SF:src/models/userModel.ts
FN:7,(anonymous_8)
FN:7,(anonymous_9)
FN:16,(anonymous_10)
FN:16,(anonymous_11)
FN:25,(anonymous_12)
FN:49,(anonymous_13)
FN:49,(anonymous_14)
FN:71,(anonymous_15)
FN:71,(anonymous_16)
FN:76,(anonymous_17)
FN:76,(anonymous_18)
FN:83,(anonymous_19)
FN:83,(anonymous_20)
FN:89,(anonymous_21)
FN:89,(anonymous_22)
FNF:15
FNH:0
FNDA:0,(anonymous_8)
FNDA:0,(anonymous_9)
FNDA:0,(anonymous_10)
FNDA:0,(anonymous_11)
FNDA:0,(anonymous_12)
FNDA:0,(anonymous_13)
FNDA:0,(anonymous_14)
FNDA:0,(anonymous_15)
FNDA:0,(anonymous_16)
FNDA:0,(anonymous_17)
FNDA:0,(anonymous_18)
FNDA:0,(anonymous_19)
FNDA:0,(anonymous_20)
FNDA:0,(anonymous_21)
FNDA:0,(anonymous_22)
DA:1,2
DA:2,2
DA:7,2
DA:8,0
DA:11,0
DA:12,0
DA:13,0
DA:16,2
DA:17,0
DA:23,0
DA:25,0
DA:26,0
DA:27,0
DA:35,0
DA:43,0
DA:46,0
DA:49,2
DA:50,0
DA:51,0
DA:55,0
DA:56,0
DA:59,0
DA:62,0
DA:64,0
DA:65,0
DA:67,0
DA:71,2
DA:72,0
DA:73,0
DA:76,2
DA:77,0
DA:78,0
DA:79,0
DA:80,0
DA:83,2
DA:84,0
DA:85,0
DA:86,0
DA:89,2
DA:90,0
DA:92,0
DA:93,0
DA:96,0
DA:98,0
DA:99,0
DA:102,0
DA:106,2
DA:107,2
DA:108,2
DA:109,2
DA:110,2
DA:111,2
DA:112,2
LF:53
LH:16
BRDA:13,0,0,0
BRDA:13,0,1,0
BRDA:26,1,0,0
BRDA:64,2,0,0
BRDA:64,2,1,0
BRDA:86,3,0,0
BRDA:86,3,1,0
BRDA:92,4,0,0
BRDA:98,5,0,0
BRF:9
BRH:0
end_of_record
